EEG-Droid/library_epibot/build/intermediates/manifest_merge_blame_file/debug/manifest-merger-blame-debug-report.txt
1<?xml version="1.0" encoding="utf-8"?>
2<manifest xmlns:android="http://schemas.android.com/apk/res/android"
3    package="com.ibm.watson.developer_cloud.android.library"
4    android:versionCode="1"
5    android:versionName="1.0" >
6
7    <uses-sdk
8        android:minSdkVersion="21"
8-->src/main/AndroidManifest.xml
9        android:targetSdkVersion="27" />
9-->src/main/AndroidManifest.xml
10
11    <uses-permission android:name="android.permission.VIBRATE" />
11-->src/main/AndroidManifest.xml:5:3-63
11-->src/main/AndroidManifest.xml:5:20-61
12
13    <application android:label="@string/app_name" >
13-->src/main/AndroidManifest.xml:7:3-21:17
13-->src/main/AndroidManifest.xml:8:7-39
14        <provider
14-->src/main/AndroidManifest.xml:10:5-19:16
15            android:name="androidx.core.content.FileProvider"
15-->src/main/AndroidManifest.xml:11:9-58
16            android:authorities="com.ibm.watson.developer_cloud.android.provider"
16-->src/main/AndroidManifest.xml:12:9-78
17            android:exported="false"
17-->src/main/AndroidManifest.xml:13:9-33
18            android:grantUriPermissions="true" >
18-->src/main/AndroidManifest.xml:14:9-43
19            <meta-data
19-->src/main/AndroidManifest.xml:15:7-18:19
20                android:name="android.support.FILE_PROVIDER_PATHS"
20-->src/main/AndroidManifest.xml:16:11-61
21                android:resource="@xml/provider_paths" >
21-->src/main/AndroidManifest.xml:17:11-49
22            </meta-data>
23        </provider>
24    </application>
25
26</manifest>